TN:
SF:server\controller\controller.js
FN:4,(anonymous_0)
FN:22,(anonymous_1)
FN:26,(anonymous_2)
FN:35,(anonymous_3)
FN:40,(anonymous_4)
FN:47,(anonymous_5)
FN:53,(anonymous_6)
FN:56,(anonymous_7)
FN:63,(anonymous_8)
FN:70,(anonymous_9)
FN:77,(anonymous_10)
FN:83,(anonymous_11)
FN:87,(anonymous_12)
FN:92,(anonymous_13)
FNF:14
FNH:12
FNDA:2,(anonymous_0)
FNDA:1,(anonymous_1)
FNDA:0,(anonymous_2)
FNDA:3,(anonymous_3)
FNDA:2,(anonymous_4)
FNDA:1,(anonymous_5)
FNDA:0,(anonymous_6)
FNDA:1,(anonymous_7)
FNDA:2,(anonymous_8)
FNDA:1,(anonymous_9)
FNDA:1,(anonymous_10)
FNDA:2,(anonymous_11)
FNDA:2,(anonymous_12)
FNDA:1,(anonymous_13)
DA:1,1
DA:4,1
DA:6,2
DA:7,1
DA:8,1
DA:12,1
DA:20,1
DA:24,1
DA:27,0
DA:35,1
DA:36,3
DA:37,2
DA:39,2
DA:41,2
DA:42,1
DA:44,1
DA:48,1
DA:52,1
DA:54,0
DA:57,1
DA:63,1
DA:64,2
DA:65,0
DA:68,2
DA:69,2
DA:71,1
DA:72,1
DA:74,0
DA:78,1
DA:83,1
DA:84,2
DA:86,2
DA:88,2
DA:89,1
DA:93,1
LF:35
LH:31
BRDA:6,0,0,1
BRDA:6,0,1,1
BRDA:36,1,0,2
BRDA:36,1,1,1
BRDA:41,2,0,1
BRDA:41,2,1,1
BRDA:57,3,0,1
BRDA:57,3,1,0
BRDA:64,4,0,0
BRDA:64,4,1,2
BRDA:71,5,0,1
BRDA:71,5,1,0
BRDA:88,6,0,1
BRDA:88,6,1,1
BRF:14
BRH:11
end_of_record
TN:
SF:server\model\model.js
FNF:0
FNH:0
DA:1,1
DA:3,1
DA:17,1
DA:19,1
LF:4
LH:4
BRF:0
BRH:0
end_of_record
